0 info it worked if it ends with ok
1 verbose cli [ 'C:\\Program Files\\nodejs\\\\node.exe',
1 verbose cli   'C:\\Program Files\\nodejs\\node_modules\\npm\\bin\\npm-cli.js',
1 verbose cli   'install',
1 verbose cli   'python',
1 verbose cli   '2.x',
1 verbose cli   '--save' ]
2 info using npm@2.11.3
3 info using node@v0.12.7
4 verbose install initial load of C:\Users\Briana\Documents\GitHub\Software Engineering\package.json
5 verbose installManyTop reading scoped package data from C:\Users\Briana\Documents\GitHub\Software Engineering\node_modules\angular\package.json
6 verbose installManyTop reading scoped package data from C:\Users\Briana\Documents\GitHub\Software Engineering\node_modules\angularjs\package.json
7 verbose installManyTop reading scoped package data from C:\Users\Briana\Documents\GitHub\Software Engineering\node_modules\body-parser\package.json
8 verbose installManyTop reading scoped package data from C:\Users\Briana\Documents\GitHub\Software Engineering\node_modules\connect-flash\package.json
9 verbose installManyTop reading scoped package data from C:\Users\Briana\Documents\GitHub\Software Engineering\node_modules\cookie-parser\package.json
10 verbose installManyTop reading scoped package data from C:\Users\Briana\Documents\GitHub\Software Engineering\node_modules\ejs\package.json
11 verbose installManyTop reading scoped package data from C:\Users\Briana\Documents\GitHub\Software Engineering\node_modules\express\package.json
12 verbose installManyTop reading scoped package data from C:\Users\Briana\Documents\GitHub\Software Engineering\node_modules\express-session\package.json
13 verbose installManyTop reading scoped package data from C:\Users\Briana\Documents\GitHub\Software Engineering\node_modules\http\package.json
14 verbose installManyTop reading scoped package data from C:\Users\Briana\Documents\GitHub\Software Engineering\node_modules\mongoose\package.json
15 verbose installManyTop reading scoped package data from C:\Users\Briana\Documents\GitHub\Software Engineering\node_modules\morgan\package.json
16 verbose installManyTop reading scoped package data from C:\Users\Briana\Documents\GitHub\Software Engineering\node_modules\passport\package.json
17 verbose installManyTop reading scoped package data from C:\Users\Briana\Documents\GitHub\Software Engineering\node_modules\passport-local\package.json
18 verbose installManyTop reading scoped package data from C:\Users\Briana\Documents\GitHub\Software Engineering\node_modules\python\package.json
19 verbose installManyTop reading scoped package data from C:\Users\Briana\Documents\GitHub\Software Engineering\node_modules\request\package.json
20 info package.json connect-flash@0.1.1 No license field.
21 info package.json http@0.0.0 http is also the name of a node core module.
22 info package.json http@0.0.0 No description
23 info package.json http@0.0.0 No repository field.
24 info package.json http@0.0.0 No README data
25 info package.json passport@0.3.2 No README data
26 info package.json passport-local@1.0.0 No license field.
27 info package.json python@0.0.4 No license field.
28 verbose readDependencies loading dependencies from C:\Users\Briana\Documents\GitHub\Software Engineering\package.json
29 verbose install python is installed as 0.0.4
30 silly cache add args [ 'python@0.0.4', null ]
31 verbose cache add spec python@0.0.4
32 silly cache add args [ '2.x', null ]
33 verbose cache add spec 2.x
34 silly cache add parsed spec { raw: 'python@0.0.4',
34 silly cache add   scope: null,
34 silly cache add   name: 'python',
34 silly cache add   rawSpec: '0.0.4',
34 silly cache add   spec: '0.0.4',
34 silly cache add   type: 'version' }
35 silly addNamed python@0.0.4
36 verbose addNamed "0.0.4" is a plain semver version for python
37 silly mapToRegistry name python
38 silly mapToRegistry using default registry
39 silly mapToRegistry registry https://registry.npmjs.org/
40 silly mapToRegistry uri https://registry.npmjs.org/python
41 verbose addNameVersion registry:https://registry.npmjs.org/python not in flight; fetching
42 silly cache add parsed spec { raw: '2.x',
42 silly cache add   scope: null,
42 silly cache add   name: '2.x',
42 silly cache add   rawSpec: '',
42 silly cache add   spec: '*',
42 silly cache add   type: 'range' }
43 silly addNamed 2.x@*
44 verbose addNamed "*" is a valid semver range for 2.x
45 silly addNameRange { name: '2.x', range: '*', hasData: false }
46 silly mapToRegistry name 2.x
47 silly mapToRegistry using default registry
48 silly mapToRegistry registry https://registry.npmjs.org/
49 silly mapToRegistry uri https://registry.npmjs.org/2.x
50 verbose addNameRange registry:https://registry.npmjs.org/2.x not in flight; fetching
51 verbose request uri https://registry.npmjs.org/2.x
52 verbose request no auth needed
53 info attempt registry request try #1 at 4:09:34 PM
54 verbose request id 1d0e92be001c301a
55 http request GET https://registry.npmjs.org/2.x
56 verbose request uri https://registry.npmjs.org/python
57 verbose request no auth needed
58 info attempt registry request try #1 at 4:09:34 PM
59 verbose etag "3H47HSWPUDLVYZ0RZYG1CKX4V"
60 http request GET https://registry.npmjs.org/python
61 http 304 https://registry.npmjs.org/python
62 silly get cb [ 304,
62 silly get   { date: 'Sat, 13 Feb 2016 21:10:17 GMT',
62 silly get     via: '1.1 varnish',
62 silly get     'cache-control': 'max-age=300',
62 silly get     etag: '"3H47HSWPUDLVYZ0RZYG1CKX4V"',
62 silly get     age: '279',
62 silly get     connection: 'keep-alive',
62 silly get     'x-served-by': 'cache-jfk1042-JFK',
62 silly get     'x-cache': 'HIT',
62 silly get     'x-cache-hits': '1',
62 silly get     'x-timer': 'S1455397817.961986,VS0,VE0',
62 silly get     vary: 'Accept' } ]
63 verbose etag https://registry.npmjs.org/python from cache
64 verbose get saving python to C:\Users\Briana\AppData\Roaming\npm-cache\registry.npmjs.org\python\.cache.json
65 silly cache afterAdd python@0.0.4
66 verbose afterAdd C:\Users\Briana\AppData\Roaming\npm-cache\python\0.0.4\package\package.json not in flight; writing
67 verbose afterAdd C:\Users\Briana\AppData\Roaming\npm-cache\python\0.0.4\package\package.json written
68 http 404 https://registry.npmjs.org/2.x
69 verbose headers { 'content-type': 'application/json',
69 verbose headers   'cache-control': 'max-age=0',
69 verbose headers   'content-length': '2',
69 verbose headers   'accept-ranges': 'bytes',
69 verbose headers   date: 'Sat, 13 Feb 2016 21:10:18 GMT',
69 verbose headers   via: '1.1 varnish',
69 verbose headers   age: '0',
69 verbose headers   connection: 'keep-alive',
69 verbose headers   'x-served-by': 'cache-jfk1024-JFK',
69 verbose headers   'x-cache': 'MISS',
69 verbose headers   'x-cache-hits': '0',
69 verbose headers   'x-timer': 'S1455397817.966351,VS0,VE90' }
70 silly get cb [ 404,
70 silly get   { 'content-type': 'application/json',
70 silly get     'cache-control': 'max-age=0',
70 silly get     'content-length': '2',
70 silly get     'accept-ranges': 'bytes',
70 silly get     date: 'Sat, 13 Feb 2016 21:10:18 GMT',
70 silly get     via: '1.1 varnish',
70 silly get     age: '0',
70 silly get     connection: 'keep-alive',
70 silly get     'x-served-by': 'cache-jfk1024-JFK',
70 silly get     'x-cache': 'MISS',
70 silly get     'x-cache-hits': '0',
70 silly get     'x-timer': 'S1455397817.966351,VS0,VE90' } ]
71 verbose stack Error: Registry returned 404 for GET on https://registry.npmjs.org/2.x
71 verbose stack     at CachingRegistryClient.<anonymous> (C:\Program Files\nodejs\node_modules\npm\node_modules\npm-registry-client\lib\request.js:239:14)
71 verbose stack     at Request._callback (C:\Program Files\nodejs\node_modules\npm\node_modules\npm-registry-client\lib\request.js:170:14)
71 verbose stack     at Request.self.callback (C:\Program Files\nodejs\node_modules\npm\node_modules\request\request.js:354:22)
71 verbose stack     at Request.emit (events.js:110:17)
71 verbose stack     at Request.<anonymous> (C:\Program Files\nodejs\node_modules\npm\node_modules\request\request.js:1207:14)
71 verbose stack     at Request.emit (events.js:129:20)
71 verbose stack     at IncomingMessage.<anonymous> (C:\Program Files\nodejs\node_modules\npm\node_modules\request\request.js:1153:12)
71 verbose stack     at IncomingMessage.emit (events.js:129:20)
71 verbose stack     at _stream_readable.js:908:16
71 verbose stack     at process._tickCallback (node.js:355:11)
72 verbose statusCode 404
73 verbose pkgid 2.x
74 verbose cwd C:\Users\Briana\Documents\GitHub\Software Engineering
75 error Windows_NT 6.3.9600
76 error argv "C:\\Program Files\\nodejs\\\\node.exe" "C:\\Program Files\\nodejs\\node_modules\\npm\\bin\\npm-cli.js" "install" "python" "2.x" "--save"
77 error node v0.12.7
78 error npm  v2.11.3
79 error code E404
80 error 404 Registry returned 404 for GET on https://registry.npmjs.org/2.x
80 error 404
80 error 404 '2.x' is not in the npm registry.
80 error 404 You should bug the author to publish it (or use the name yourself!)
80 error 404 It was specified as a dependency of 'mercedes'
80 error 404
80 error 404 Note that you can also install from a
80 error 404 tarball, folder, http url, or git url.
81 verbose exit [ 1, true ]
