0 info it worked if it ends with ok
1 verbose cli [ 'C:\\Program Files\\nodejs\\\\node.exe',
1 verbose cli   'C:\\Program Files\\nodejs\\node_modules\\npm\\bin\\npm-cli.js',
1 verbose cli   'install',
1 verbose cli   'bcrypt',
1 verbose cli   '--save' ]
2 info using npm@2.11.3
3 info using node@v0.12.7
4 verbose install initial load of C:\Users\Briana\Documents\GitHub\Software Engineering\Youtube-Tutorials-master\Youtube-Tutorials-master\NodeJS Tutorials\Tutorial 9 - BCrypt\package.json
5 warn package.json OAuthProject@0.0.0 No description
6 warn package.json OAuthProject@0.0.0 No repository field.
7 warn package.json OAuthProject@0.0.0 No README data
8 verbose installManyTop reading scoped package data from C:\Users\Briana\Documents\GitHub\Software Engineering\Youtube-Tutorials-master\Youtube-Tutorials-master\NodeJS Tutorials\Tutorial 9 - BCrypt\node_modules\connect-flash\package.json
9 verbose installManyTop reading scoped package data from C:\Users\Briana\Documents\GitHub\Software Engineering\Youtube-Tutorials-master\Youtube-Tutorials-master\NodeJS Tutorials\Tutorial 9 - BCrypt\node_modules\cookie-parser\package.json
10 verbose installManyTop reading scoped package data from C:\Users\Briana\Documents\GitHub\Software Engineering\Youtube-Tutorials-master\Youtube-Tutorials-master\NodeJS Tutorials\Tutorial 9 - BCrypt\node_modules\express-session\package.json
11 verbose installManyTop reading scoped package data from C:\Users\Briana\Documents\GitHub\Software Engineering\Youtube-Tutorials-master\Youtube-Tutorials-master\NodeJS Tutorials\Tutorial 9 - BCrypt\node_modules\mongoose\package.json
12 verbose installManyTop reading scoped package data from C:\Users\Briana\Documents\GitHub\Software Engineering\Youtube-Tutorials-master\Youtube-Tutorials-master\NodeJS Tutorials\Tutorial 9 - BCrypt\node_modules\morgan\package.json
13 verbose installManyTop reading scoped package data from C:\Users\Briana\Documents\GitHub\Software Engineering\Youtube-Tutorials-master\Youtube-Tutorials-master\NodeJS Tutorials\Tutorial 9 - BCrypt\node_modules\passport\package.json
14 verbose installManyTop reading scoped package data from C:\Users\Briana\Documents\GitHub\Software Engineering\Youtube-Tutorials-master\Youtube-Tutorials-master\NodeJS Tutorials\Tutorial 9 - BCrypt\node_modules\passport-local\package.json
15 info package.json connect-flash@0.1.1 No license field.
16 info package.json passport-local@1.0.0 No license field.
17 verbose readDependencies loading dependencies from C:\Users\Briana\Documents\GitHub\Software Engineering\Youtube-Tutorials-master\Youtube-Tutorials-master\NodeJS Tutorials\Tutorial 9 - BCrypt\package.json
18 silly cache add args [ 'bcrypt@~0.8.1', null ]
19 verbose cache add spec bcrypt@~0.8.1
20 silly cache add parsed spec { raw: 'bcrypt@~0.8.1',
20 silly cache add   scope: null,
20 silly cache add   name: 'bcrypt',
20 silly cache add   rawSpec: '~0.8.1',
20 silly cache add   spec: '>=0.8.1 <0.9.0',
20 silly cache add   type: 'range' }
21 silly addNamed bcrypt@>=0.8.1 <0.9.0
22 verbose addNamed ">=0.8.1 <0.9.0" is a valid semver range for bcrypt
23 silly addNameRange { name: 'bcrypt', range: '>=0.8.1 <0.9.0', hasData: false }
24 silly mapToRegistry name bcrypt
25 silly mapToRegistry using default registry
26 silly mapToRegistry registry https://registry.npmjs.org/
27 silly mapToRegistry uri https://registry.npmjs.org/bcrypt
28 verbose addNameRange registry:https://registry.npmjs.org/bcrypt not in flight; fetching
29 verbose request uri https://registry.npmjs.org/bcrypt
30 verbose request no auth needed
31 info attempt registry request try #1 at 2:16:17 PM
32 verbose request id 154702e9ba31c8a4
33 verbose etag "1R6IPG6QUMP0IY6OSUM2DH2SH"
34 http request GET https://registry.npmjs.org/bcrypt
35 http 304 https://registry.npmjs.org/bcrypt
36 silly get cb [ 304,
36 silly get   { date: 'Fri, 12 Feb 2016 19:16:58 GMT',
36 silly get     via: '1.1 varnish',
36 silly get     'cache-control': 'max-age=300',
36 silly get     etag: '"1R6IPG6QUMP0IY6OSUM2DH2SH"',
36 silly get     age: '22',
36 silly get     connection: 'keep-alive',
36 silly get     'x-served-by': 'cache-ord1733-ORD',
36 silly get     'x-cache': 'HIT',
36 silly get     'x-cache-hits': '1',
36 silly get     'x-timer': 'S1455304618.075756,VS0,VE0',
36 silly get     vary: 'Accept' } ]
37 verbose etag https://registry.npmjs.org/bcrypt from cache
38 verbose get saving bcrypt to C:\Users\Briana\AppData\Roaming\npm-cache\registry.npmjs.org\bcrypt\.cache.json
39 silly addNameRange number 2 { name: 'bcrypt', range: '>=0.8.1 <0.9.0', hasData: true }
40 silly addNameRange versions [ 'bcrypt',
40 silly addNameRange   [ '0.1.2',
40 silly addNameRange     '0.2.0',
40 silly addNameRange     '0.2.1',
40 silly addNameRange     '0.1.3',
40 silly addNameRange     '0.2.2',
40 silly addNameRange     '0.2.3',
40 silly addNameRange     '0.2.4',
40 silly addNameRange     '0.3.0',
40 silly addNameRange     '0.3.1',
40 silly addNameRange     '0.3.2',
40 silly addNameRange     '0.4.0',
40 silly addNameRange     '0.4.1',
40 silly addNameRange     '0.5.0',
40 silly addNameRange     '0.6.0',
40 silly addNameRange     '0.7.0',
40 silly addNameRange     '0.7.1',
40 silly addNameRange     '0.7.2',
40 silly addNameRange     '0.7.3',
40 silly addNameRange     '0.7.4',
40 silly addNameRange     '0.7.5',
40 silly addNameRange     '0.7.6',
40 silly addNameRange     '0.7.7',
40 silly addNameRange     '0.7.8',
40 silly addNameRange     '0.8.0',
40 silly addNameRange     '0.8.1',
40 silly addNameRange     '0.8.2',
40 silly addNameRange     '0.8.3',
40 silly addNameRange     '0.8.4',
40 silly addNameRange     '0.8.5' ] ]
41 silly addNamed bcrypt@0.8.5
42 verbose addNamed "0.8.5" is a plain semver version for bcrypt
43 silly cache afterAdd bcrypt@0.8.5
44 verbose afterAdd C:\Users\Briana\AppData\Roaming\npm-cache\bcrypt\0.8.5\package\package.json not in flight; writing
45 verbose afterAdd C:\Users\Briana\AppData\Roaming\npm-cache\bcrypt\0.8.5\package\package.json written
46 silly install resolved [ { name: 'bcrypt',
46 silly install resolved     description: 'A bcrypt library for NodeJS.',
46 silly install resolved     keywords:
46 silly install resolved      [ 'bcrypt',
46 silly install resolved        'password',
46 silly install resolved        'auth',
46 silly install resolved        'authentication',
46 silly install resolved        'encryption',
46 silly install resolved        'crypt',
46 silly install resolved        'crypto' ],
46 silly install resolved     main: './bcrypt',
46 silly install resolved     version: '0.8.5',
46 silly install resolved     author: { name: 'Nick Campbell', url: 'https://github.com/ncb000gt' },
46 silly install resolved     engines: { node: '>= 0.6.0' },
46 silly install resolved     repository:
46 silly install resolved      { type: 'git',
46 silly install resolved        url: 'git+https://github.com/ncb000gt/node.bcrypt.js.git' },
46 silly install resolved     license: 'MIT',
46 silly install resolved     bugs: { url: 'https://github.com/ncb000gt/node.bcrypt.js/issues' },
46 silly install resolved     scripts:
46 silly install resolved      { test: 'node-gyp configure build && nodeunit test',
46 silly install resolved        install: 'node-gyp rebuild' },
46 silly install resolved     dependencies: { bindings: '1.2.1', nan: '2.0.5' },
46 silly install resolved     devDependencies: { nodeunit: '~0.9.1' },
46 silly install resolved     contributors:
46 silly install resolved      [ [Object],
46 silly install resolved        [Object],
46 silly install resolved        [Object],
46 silly install resolved        [Object],
46 silly install resolved        [Object],
46 silly install resolved        [Object],
46 silly install resolved        [Object],
46 silly install resolved        [Object],
46 silly install resolved        [Object],
46 silly install resolved        [Object],
46 silly install resolved        [Object],
46 silly install resolved        [Object],
46 silly install resolved        [Object],
46 silly install resolved        [Object] ],
46 silly install resolved     gypfile: true,
46 silly install resolved     gitHead: '5d97708f06754d7d7989c67ba867002d10013615',
46 silly install resolved     homepage: 'https://github.com/ncb000gt/node.bcrypt.js#readme',
46 silly install resolved     _id: 'bcrypt@0.8.5',
46 silly install resolved     _shasum: '8e5b81b4db80e944f440005979ca8d58a961861d',
46 silly install resolved     _from: 'bcrypt@>=0.8.1 <0.9.0',
46 silly install resolved     _npmVersion: '2.13.3',
46 silly install resolved     _nodeVersion: '3.0.0',
46 silly install resolved     _npmUser: { name: 'defunctzombie', email: 'shtylman@gmail.com' },
46 silly install resolved     dist:
46 silly install resolved      { shasum: '8e5b81b4db80e944f440005979ca8d58a961861d',
46 silly install resolved        tarball: 'http://registry.npmjs.org/bcrypt/-/bcrypt-0.8.5.tgz' },
46 silly install resolved     maintainers: [ [Object], [Object], [Object], [Object] ],
46 silly install resolved     directories: {},
46 silly install resolved     _resolved: 'https://registry.npmjs.org/bcrypt/-/bcrypt-0.8.5.tgz',
46 silly install resolved     readme: 'ERROR: No README data found!' } ]
47 info install bcrypt@0.8.5 into C:\Users\Briana\Documents\GitHub\Software Engineering\Youtube-Tutorials-master\Youtube-Tutorials-master\NodeJS Tutorials\Tutorial 9 - BCrypt
48 info installOne bcrypt@0.8.5
49 verbose installOne of bcrypt to C:\Users\Briana\Documents\GitHub\Software Engineering\Youtube-Tutorials-master\Youtube-Tutorials-master\NodeJS Tutorials\Tutorial 9 - BCrypt not in flight; installing
50 verbose lock using C:\Users\Briana\AppData\Roaming\npm-cache\_locks\bcrypt-f0ae83f1455a94b3.lock for C:\Users\Briana\Documents\GitHub\Software Engineering\Youtube-Tutorials-master\Youtube-Tutorials-master\NodeJS Tutorials\Tutorial 9 - BCrypt\node_modules\bcrypt
51 silly install write writing bcrypt 0.8.5 to C:\Users\Briana\Documents\GitHub\Software Engineering\Youtube-Tutorials-master\Youtube-Tutorials-master\NodeJS Tutorials\Tutorial 9 - BCrypt\node_modules\bcrypt
52 verbose unbuild node_modules\bcrypt
53 silly gentlyRm C:\Users\Briana\Documents\GitHub\Software Engineering\Youtube-Tutorials-master\Youtube-Tutorials-master\NodeJS Tutorials\Tutorial 9 - BCrypt\node_modules\bcrypt is being purged from base C:\Users\Briana\Documents\GitHub\Software Engineering\Youtube-Tutorials-master\Youtube-Tutorials-master\NodeJS Tutorials\Tutorial 9 - BCrypt
54 verbose gentlyRm don't care about contents; nuking C:\Users\Briana\Documents\GitHub\Software Engineering\Youtube-Tutorials-master\Youtube-Tutorials-master\NodeJS Tutorials\Tutorial 9 - BCrypt\node_modules\bcrypt
55 verbose tar unpack C:\Users\Briana\AppData\Roaming\npm-cache\bcrypt\0.8.5\package.tgz
56 verbose tar unpacking to C:\Users\Briana\Documents\GitHub\Software Engineering\Youtube-Tutorials-master\Youtube-Tutorials-master\NodeJS Tutorials\Tutorial 9 - BCrypt\node_modules\bcrypt
57 silly gentlyRm C:\Users\Briana\Documents\GitHub\Software Engineering\Youtube-Tutorials-master\Youtube-Tutorials-master\NodeJS Tutorials\Tutorial 9 - BCrypt\node_modules\bcrypt is being purged
58 verbose gentlyRm don't care about contents; nuking C:\Users\Briana\Documents\GitHub\Software Engineering\Youtube-Tutorials-master\Youtube-Tutorials-master\NodeJS Tutorials\Tutorial 9 - BCrypt\node_modules\bcrypt
59 silly gunzTarPerm modes [ '777', '666' ]
60 silly gunzTarPerm extractEntry package.json
61 silly gunzTarPerm modified mode [ 'package.json', 420, 438 ]
62 silly gunzTarPerm extractEntry .npmignore
63 silly gunzTarPerm modified mode [ '.npmignore', 420, 438 ]
64 silly gunzTarPerm extractEntry README.md
65 silly gunzTarPerm modified mode [ 'README.md', 420, 438 ]
66 silly gunzTarPerm extractEntry LICENSE
67 silly gunzTarPerm modified mode [ 'LICENSE', 420, 438 ]
68 silly gunzTarPerm extractEntry bcrypt.js
69 silly gunzTarPerm modified mode [ 'bcrypt.js', 420, 438 ]
70 silly gunzTarPerm extractEntry binding.gyp
71 silly gunzTarPerm modified mode [ 'binding.gyp', 420, 438 ]
72 silly gunzTarPerm extractEntry .travis.yml
73 silly gunzTarPerm modified mode [ '.travis.yml', 420, 438 ]
74 silly gunzTarPerm extractEntry CHANGELOG.md
75 silly gunzTarPerm modified mode [ 'CHANGELOG.md', 420, 438 ]
76 silly gunzTarPerm extractEntry examples/async_compare.js
77 silly gunzTarPerm modified mode [ 'examples/async_compare.js', 420, 438 ]
78 silly gunzTarPerm extractEntry examples/forever_gen_salt.js
79 silly gunzTarPerm modified mode [ 'examples/forever_gen_salt.js', 420, 438 ]
80 silly gunzTarPerm extractEntry test/async.js
81 silly gunzTarPerm modified mode [ 'test/async.js', 420, 438 ]
82 silly gunzTarPerm extractEntry test/repetitions.js
83 silly gunzTarPerm modified mode [ 'test/repetitions.js', 420, 438 ]
84 silly gunzTarPerm extractEntry test/sync.js
85 silly gunzTarPerm modified mode [ 'test/sync.js', 420, 438 ]
86 silly gunzTarPerm extractEntry Makefile
87 silly gunzTarPerm modified mode [ 'Makefile', 420, 438 ]
88 silly gunzTarPerm extractEntry src/bcrypt.cc
89 silly gunzTarPerm modified mode [ 'src/bcrypt.cc', 420, 438 ]
90 silly gunzTarPerm extractEntry src/bcrypt_node.cc
91 silly gunzTarPerm modified mode [ 'src/bcrypt_node.cc', 420, 438 ]
92 silly gunzTarPerm extractEntry src/blowfish.cc
93 silly gunzTarPerm modified mode [ 'src/blowfish.cc', 420, 438 ]
94 silly gunzTarPerm extractEntry src/node_blf.h
95 silly gunzTarPerm modified mode [ 'src/node_blf.h', 420, 438 ]
96 silly gunzTarPerm extractEntry werker.yml
97 silly gunzTarPerm modified mode [ 'werker.yml', 420, 438 ]
98 verbose write writing to C:\Users\Briana\Documents\GitHub\Software Engineering\Youtube-Tutorials-master\Youtube-Tutorials-master\NodeJS Tutorials\Tutorial 9 - BCrypt\node_modules\bcrypt\package.json
99 info preinstall bcrypt@0.8.5
100 verbose readDependencies loading dependencies from C:\Users\Briana\Documents\GitHub\Software Engineering\Youtube-Tutorials-master\Youtube-Tutorials-master\NodeJS Tutorials\Tutorial 9 - BCrypt\node_modules\bcrypt\package.json
101 silly prepareForInstallMany adding bindings@1.2.1 from bcrypt dependencies
102 silly prepareForInstallMany adding nan@2.0.5 from bcrypt dependencies
103 verbose readDependencies loading dependencies from C:\Users\Briana\Documents\GitHub\Software Engineering\Youtube-Tutorials-master\Youtube-Tutorials-master\NodeJS Tutorials\Tutorial 9 - BCrypt\node_modules\bcrypt\package.json
104 silly cache add args [ 'bindings@1.2.1', null ]
105 verbose cache add spec bindings@1.2.1
106 silly cache add args [ 'nan@2.0.5', null ]
107 verbose cache add spec nan@2.0.5
108 silly cache add parsed spec { raw: 'bindings@1.2.1',
108 silly cache add   scope: null,
108 silly cache add   name: 'bindings',
108 silly cache add   rawSpec: '1.2.1',
108 silly cache add   spec: '1.2.1',
108 silly cache add   type: 'version' }
109 silly addNamed bindings@1.2.1
110 verbose addNamed "1.2.1" is a plain semver version for bindings
111 silly mapToRegistry name bindings
112 silly mapToRegistry using default registry
113 silly mapToRegistry registry https://registry.npmjs.org/
114 silly mapToRegistry uri https://registry.npmjs.org/bindings
115 verbose addNameVersion registry:https://registry.npmjs.org/bindings not in flight; fetching
116 silly cache add parsed spec { raw: 'nan@2.0.5',
116 silly cache add   scope: null,
116 silly cache add   name: 'nan',
116 silly cache add   rawSpec: '2.0.5',
116 silly cache add   spec: '2.0.5',
116 silly cache add   type: 'version' }
117 silly addNamed nan@2.0.5
118 verbose addNamed "2.0.5" is a plain semver version for nan
119 silly mapToRegistry name nan
120 silly mapToRegistry using default registry
121 silly mapToRegistry registry https://registry.npmjs.org/
122 silly mapToRegistry uri https://registry.npmjs.org/nan
123 verbose addNameVersion registry:https://registry.npmjs.org/nan not in flight; fetching
124 verbose request uri https://registry.npmjs.org/bindings
125 verbose request no auth needed
126 info attempt registry request try #1 at 2:16:18 PM
127 verbose etag "1LLBF9OH58DLBEL4629U6032D"
128 http request GET https://registry.npmjs.org/bindings
129 verbose request uri https://registry.npmjs.org/nan
130 verbose request no auth needed
131 info attempt registry request try #1 at 2:16:18 PM
132 verbose etag "7Y2U1A5TWU1O0YTKGMD4FB8ZN"
133 http request GET https://registry.npmjs.org/nan
134 http 304 https://registry.npmjs.org/bindings
135 silly get cb [ 304,
135 silly get   { date: 'Fri, 12 Feb 2016 19:16:58 GMT',
135 silly get     via: '1.1 varnish',
135 silly get     'cache-control': 'max-age=300',
135 silly get     etag: '"1LLBF9OH58DLBEL4629U6032D"',
135 silly get     age: '214',
135 silly get     connection: 'keep-alive',
135 silly get     'x-served-by': 'cache-ord1724-ORD',
135 silly get     'x-cache': 'HIT',
135 silly get     'x-cache-hits': '81',
135 silly get     'x-timer': 'S1455304618.559307,VS0,VE0',
135 silly get     vary: 'Accept' } ]
136 verbose etag https://registry.npmjs.org/bindings from cache
137 verbose get saving bindings to C:\Users\Briana\AppData\Roaming\npm-cache\registry.npmjs.org\bindings\.cache.json
138 http 304 https://registry.npmjs.org/nan
139 silly get cb [ 304,
139 silly get   { date: 'Fri, 12 Feb 2016 19:16:58 GMT',
139 silly get     via: '1.1 varnish',
139 silly get     'cache-control': 'max-age=300',
139 silly get     etag: '"7Y2U1A5TWU1O0YTKGMD4FB8ZN"',
139 silly get     age: '198',
139 silly get     connection: 'keep-alive',
139 silly get     'x-served-by': 'cache-ord1727-ORD',
139 silly get     'x-cache': 'HIT',
139 silly get     'x-cache-hits': '8',
139 silly get     'x-timer': 'S1455304618.570199,VS0,VE0',
139 silly get     vary: 'Accept' } ]
140 verbose etag https://registry.npmjs.org/nan from cache
141 verbose get saving nan to C:\Users\Briana\AppData\Roaming\npm-cache\registry.npmjs.org\nan\.cache.json
142 silly cache afterAdd bindings@1.2.1
143 verbose afterAdd C:\Users\Briana\AppData\Roaming\npm-cache\bindings\1.2.1\package\package.json not in flight; writing
144 silly cache afterAdd nan@2.0.5
145 verbose afterAdd C:\Users\Briana\AppData\Roaming\npm-cache\nan\2.0.5\package\package.json not in flight; writing
146 verbose afterAdd C:\Users\Briana\AppData\Roaming\npm-cache\bindings\1.2.1\package\package.json written
147 verbose afterAdd C:\Users\Briana\AppData\Roaming\npm-cache\nan\2.0.5\package\package.json written
148 silly install resolved [ { name: 'bindings',
148 silly install resolved     description: 'Helper module for loading your native module\'s .node file',
148 silly install resolved     keywords: [ 'native', 'addon', 'bindings', 'gyp', 'waf', 'c', 'c++' ],
148 silly install resolved     version: '1.2.1',
148 silly install resolved     author:
148 silly install resolved      { name: 'Nathan Rajlich',
148 silly install resolved        email: 'nathan@tootallnate.net',
148 silly install resolved        url: 'http://tootallnate.net' },
148 silly install resolved     repository:
148 silly install resolved      { type: 'git',
148 silly install resolved        url: 'git://github.com/TooTallNate/node-bindings.git' },
148 silly install resolved     main: './bindings.js',
148 silly install resolved     bugs: { url: 'https://github.com/TooTallNate/node-bindings/issues' },
148 silly install resolved     homepage: 'https://github.com/TooTallNate/node-bindings',
148 silly install resolved     license: 'MIT',
148 silly install resolved     gitHead: 'e404152ee27f8478ccbc7122ee051246e8e5ec02',
148 silly install resolved     _id: 'bindings@1.2.1',
148 silly install resolved     scripts: {},
148 silly install resolved     _shasum: '14ad6113812d2d37d72e67b4cacb4bb726505f11',
148 silly install resolved     _from: 'bindings@1.2.1',
148 silly install resolved     _npmVersion: '1.4.14',
148 silly install resolved     _npmUser: { name: 'tootallnate', email: 'nathan@tootallnate.net' },
148 silly install resolved     maintainers: [ [Object], [Object] ],
148 silly install resolved     dist:
148 silly install resolved      { shasum: '14ad6113812d2d37d72e67b4cacb4bb726505f11',
148 silly install resolved        tarball: 'http://registry.npmjs.org/bindings/-/bindings-1.2.1.tgz' },
148 silly install resolved     directories: {},
148 silly install resolved     _resolved: 'https://registry.npmjs.org/bindings/-/bindings-1.2.1.tgz',
148 silly install resolved     readme: 'ERROR: No README data found!' },
148 silly install resolved   { name: 'nan',
148 silly install resolved     version: '2.0.5',
148 silly install resolved     description: 'Native Abstractions for Node.js: C++ header for Node 0.8->0.12 compatibility',
148 silly install resolved     main: 'include_dirs.js',
148 silly install resolved     repository: { type: 'git', url: 'git://github.com/nodejs/nan.git' },
148 silly install resolved     scripts:
148 silly install resolved      { test: 'tap --gc test/js/*-test.js',
148 silly install resolved        'rebuild-tests': 'pangyp rebuild --msvs_version=2013 --directory test',
148 silly install resolved        docs: 'doc/.build.sh' },
148 silly install resolved     contributors:
148 silly install resolved      [ [Object],
148 silly install resolved        [Object],
148 silly install resolved        [Object],
148 silly install resolved        [Object],
148 silly install resolved        [Object],
148 silly install resolved        [Object],
148 silly install resolved        [Object] ],
148 silly install resolved     devDependencies:
148 silly install resolved      { bindings: '~1.2.1',
148 silly install resolved        'node-gyp': '~2.0.2',
148 silly install resolved        pangyp: '~2.2.0',
148 silly install resolved        tap: '~0.7.1',
148 silly install resolved        xtend: '~4.0.0' },
148 silly install resolved     license: 'MIT',
148 silly install resolved     gitHead: 'd13a2e9ce762fd130877b53c71d35963fa2cf689',
148 silly install resolved     bugs: { url: 'https://github.com/nodejs/nan/issues' },
148 silly install resolved     homepage: 'https://github.com/nodejs/nan#readme',
148 silly install resolved     _id: 'nan@2.0.5',
148 silly install resolved     _shasum: '365888014be1fd178db0cbfa258edf7b0cb1c408',
148 silly install resolved     _from: 'nan@2.0.5',
148 silly install resolved     _npmVersion: '2.13.3',
148 silly install resolved     _nodeVersion: '3.0.0',
148 silly install resolved     _npmUser: { name: 'kkoopa', email: 'bbyholm@abo.fi' },
148 silly install resolved     maintainers: [ [Object], [Object] ],
148 silly install resolved     dist:
148 silly install resolved      { shasum: '365888014be1fd178db0cbfa258edf7b0cb1c408',
148 silly install resolved        tarball: 'http://registry.npmjs.org/nan/-/nan-2.0.5.tgz' },
148 silly install resolved     directories: {},
148 silly install resolved     _resolved: 'https://registry.npmjs.org/nan/-/nan-2.0.5.tgz',
148 silly install resolved     readme: 'ERROR: No README data found!' } ]
149 info install bindings@1.2.1 into C:\Users\Briana\Documents\GitHub\Software Engineering\Youtube-Tutorials-master\Youtube-Tutorials-master\NodeJS Tutorials\Tutorial 9 - BCrypt\node_modules\bcrypt
150 info install nan@2.0.5 into C:\Users\Briana\Documents\GitHub\Software Engineering\Youtube-Tutorials-master\Youtube-Tutorials-master\NodeJS Tutorials\Tutorial 9 - BCrypt\node_modules\bcrypt
151 info installOne bindings@1.2.1
152 verbose installOne of bindings to C:\Users\Briana\Documents\GitHub\Software Engineering\Youtube-Tutorials-master\Youtube-Tutorials-master\NodeJS Tutorials\Tutorial 9 - BCrypt\node_modules\bcrypt not in flight; installing
153 info installOne nan@2.0.5
154 verbose installOne of nan to C:\Users\Briana\Documents\GitHub\Software Engineering\Youtube-Tutorials-master\Youtube-Tutorials-master\NodeJS Tutorials\Tutorial 9 - BCrypt\node_modules\bcrypt not in flight; installing
155 verbose lock using C:\Users\Briana\AppData\Roaming\npm-cache\_locks\bindings-1c4010b4f1924ac5.lock for C:\Users\Briana\Documents\GitHub\Software Engineering\Youtube-Tutorials-master\Youtube-Tutorials-master\NodeJS Tutorials\Tutorial 9 - BCrypt\node_modules\bcrypt\node_modules\bindings
156 verbose lock using C:\Users\Briana\AppData\Roaming\npm-cache\_locks\nan-e09d91a9a7fbb31e.lock for C:\Users\Briana\Documents\GitHub\Software Engineering\Youtube-Tutorials-master\Youtube-Tutorials-master\NodeJS Tutorials\Tutorial 9 - BCrypt\node_modules\bcrypt\node_modules\nan
157 silly install write writing bindings 1.2.1 to C:\Users\Briana\Documents\GitHub\Software Engineering\Youtube-Tutorials-master\Youtube-Tutorials-master\NodeJS Tutorials\Tutorial 9 - BCrypt\node_modules\bcrypt\node_modules\bindings
158 silly install write writing nan 2.0.5 to C:\Users\Briana\Documents\GitHub\Software Engineering\Youtube-Tutorials-master\Youtube-Tutorials-master\NodeJS Tutorials\Tutorial 9 - BCrypt\node_modules\bcrypt\node_modules\nan
159 verbose unbuild node_modules\bcrypt\node_modules\bindings
160 verbose unbuild node_modules\bcrypt\node_modules\nan
161 silly gentlyRm C:\Users\Briana\Documents\GitHub\Software Engineering\Youtube-Tutorials-master\Youtube-Tutorials-master\NodeJS Tutorials\Tutorial 9 - BCrypt\node_modules\bcrypt\node_modules\bindings is being purged from base C:\Users\Briana\Documents\GitHub\Software Engineering\Youtube-Tutorials-master\Youtube-Tutorials-master\NodeJS Tutorials\Tutorial 9 - BCrypt
162 verbose gentlyRm don't care about contents; nuking C:\Users\Briana\Documents\GitHub\Software Engineering\Youtube-Tutorials-master\Youtube-Tutorials-master\NodeJS Tutorials\Tutorial 9 - BCrypt\node_modules\bcrypt\node_modules\bindings
163 verbose tar unpack C:\Users\Briana\AppData\Roaming\npm-cache\bindings\1.2.1\package.tgz
164 verbose tar unpacking to C:\Users\Briana\Documents\GitHub\Software Engineering\Youtube-Tutorials-master\Youtube-Tutorials-master\NodeJS Tutorials\Tutorial 9 - BCrypt\node_modules\bcrypt\node_modules\bindings
165 silly gentlyRm C:\Users\Briana\Documents\GitHub\Software Engineering\Youtube-Tutorials-master\Youtube-Tutorials-master\NodeJS Tutorials\Tutorial 9 - BCrypt\node_modules\bcrypt\node_modules\bindings is being purged
166 verbose gentlyRm don't care about contents; nuking C:\Users\Briana\Documents\GitHub\Software Engineering\Youtube-Tutorials-master\Youtube-Tutorials-master\NodeJS Tutorials\Tutorial 9 - BCrypt\node_modules\bcrypt\node_modules\bindings
167 silly gentlyRm C:\Users\Briana\Documents\GitHub\Software Engineering\Youtube-Tutorials-master\Youtube-Tutorials-master\NodeJS Tutorials\Tutorial 9 - BCrypt\node_modules\bcrypt\node_modules\nan is being purged from base C:\Users\Briana\Documents\GitHub\Software Engineering\Youtube-Tutorials-master\Youtube-Tutorials-master\NodeJS Tutorials\Tutorial 9 - BCrypt
168 verbose gentlyRm don't care about contents; nuking C:\Users\Briana\Documents\GitHub\Software Engineering\Youtube-Tutorials-master\Youtube-Tutorials-master\NodeJS Tutorials\Tutorial 9 - BCrypt\node_modules\bcrypt\node_modules\nan
169 silly gunzTarPerm modes [ '777', '666' ]
170 verbose tar unpack C:\Users\Briana\AppData\Roaming\npm-cache\nan\2.0.5\package.tgz
171 verbose tar unpacking to C:\Users\Briana\Documents\GitHub\Software Engineering\Youtube-Tutorials-master\Youtube-Tutorials-master\NodeJS Tutorials\Tutorial 9 - BCrypt\node_modules\bcrypt\node_modules\nan
172 silly gentlyRm C:\Users\Briana\Documents\GitHub\Software Engineering\Youtube-Tutorials-master\Youtube-Tutorials-master\NodeJS Tutorials\Tutorial 9 - BCrypt\node_modules\bcrypt\node_modules\nan is being purged
173 verbose gentlyRm don't care about contents; nuking C:\Users\Briana\Documents\GitHub\Software Engineering\Youtube-Tutorials-master\Youtube-Tutorials-master\NodeJS Tutorials\Tutorial 9 - BCrypt\node_modules\bcrypt\node_modules\nan
174 silly gunzTarPerm modes [ '777', '666' ]
175 silly gunzTarPerm extractEntry package.json
176 silly gunzTarPerm modified mode [ 'package.json', 420, 438 ]
177 silly gunzTarPerm extractEntry package.json
178 silly gunzTarPerm modified mode [ 'package.json', 436, 438 ]
179 silly gunzTarPerm extractEntry README.md
180 silly gunzTarPerm modified mode [ 'README.md', 420, 438 ]
181 silly gunzTarPerm extractEntry bindings.js
182 silly gunzTarPerm modified mode [ 'bindings.js', 420, 438 ]
183 silly gunzTarPerm extractEntry README.md
184 silly gunzTarPerm modified mode [ 'README.md', 436, 438 ]
185 silly gunzTarPerm extractEntry include_dirs.js
186 silly gunzTarPerm modified mode [ 'include_dirs.js', 436, 438 ]
187 silly gunzTarPerm extractEntry nan_converters.h
188 silly gunzTarPerm modified mode [ 'nan_converters.h', 436, 438 ]
189 silly gunzTarPerm extractEntry LICENSE.md
190 silly gunzTarPerm modified mode [ 'LICENSE.md', 436, 438 ]
191 silly gunzTarPerm extractEntry .dntrc
192 silly gunzTarPerm modified mode [ '.dntrc', 436, 438 ]
193 silly gunzTarPerm extractEntry appveyor.yml
194 silly gunzTarPerm modified mode [ 'appveyor.yml', 436, 438 ]
195 verbose write writing to C:\Users\Briana\Documents\GitHub\Software Engineering\Youtube-Tutorials-master\Youtube-Tutorials-master\NodeJS Tutorials\Tutorial 9 - BCrypt\node_modules\bcrypt\node_modules\bindings\package.json
196 silly gunzTarPerm extractEntry doc/new.md
197 silly gunzTarPerm modified mode [ 'doc/new.md', 436, 438 ]
198 silly gunzTarPerm extractEntry doc/.build.sh
199 silly gunzTarPerm modified mode [ 'doc/.build.sh', 509, 511 ]
200 info preinstall bindings@1.2.1
201 verbose readDependencies loading dependencies from C:\Users\Briana\Documents\GitHub\Software Engineering\Youtube-Tutorials-master\Youtube-Tutorials-master\NodeJS Tutorials\Tutorial 9 - BCrypt\node_modules\bcrypt\node_modules\bindings\package.json
202 silly gunzTarPerm extractEntry doc/buffers.md
203 silly gunzTarPerm modified mode [ 'doc/buffers.md', 436, 438 ]
204 silly gunzTarPerm extractEntry doc/callback.md
205 silly gunzTarPerm modified mode [ 'doc/callback.md', 436, 438 ]
206 verbose readDependencies loading dependencies from C:\Users\Briana\Documents\GitHub\Software Engineering\Youtube-Tutorials-master\Youtube-Tutorials-master\NodeJS Tutorials\Tutorial 9 - BCrypt\node_modules\bcrypt\node_modules\bindings\package.json
207 silly install resolved []
208 verbose about to build C:\Users\Briana\Documents\GitHub\Software Engineering\Youtube-Tutorials-master\Youtube-Tutorials-master\NodeJS Tutorials\Tutorial 9 - BCrypt\node_modules\bcrypt\node_modules\bindings
209 info build C:\Users\Briana\Documents\GitHub\Software Engineering\Youtube-Tutorials-master\Youtube-Tutorials-master\NodeJS Tutorials\Tutorial 9 - BCrypt\node_modules\bcrypt\node_modules\bindings
210 silly gunzTarPerm extractEntry doc/converters.md
211 silly gunzTarPerm modified mode [ 'doc/converters.md', 436, 438 ]
212 silly gunzTarPerm extractEntry doc/errors.md
213 silly gunzTarPerm modified mode [ 'doc/errors.md', 436, 438 ]
214 info linkStuff bindings@1.2.1
215 silly linkStuff bindings@1.2.1 has C:\Users\Briana\Documents\GitHub\Software Engineering\Youtube-Tutorials-master\Youtube-Tutorials-master\NodeJS Tutorials\Tutorial 9 - BCrypt\node_modules\bcrypt\node_modules as its parent node_modules
216 verbose linkBins bindings@1.2.1
217 verbose linkMans bindings@1.2.1
218 verbose rebuildBundles bindings@1.2.1
219 info install bindings@1.2.1
220 info postinstall bindings@1.2.1
221 silly gunzTarPerm extractEntry doc/maybe_types.md
222 silly gunzTarPerm modified mode [ 'doc/maybe_types.md', 436, 438 ]
223 silly gunzTarPerm extractEntry doc/methods.md
224 silly gunzTarPerm modified mode [ 'doc/methods.md', 436, 438 ]
225 verbose unlock done using C:\Users\Briana\AppData\Roaming\npm-cache\_locks\bindings-1c4010b4f1924ac5.lock for C:\Users\Briana\Documents\GitHub\Software Engineering\Youtube-Tutorials-master\Youtube-Tutorials-master\NodeJS Tutorials\Tutorial 9 - BCrypt\node_modules\bcrypt\node_modules\bindings
226 silly gunzTarPerm extractEntry doc/asyncworker.md
227 silly gunzTarPerm modified mode [ 'doc/asyncworker.md', 436, 438 ]
228 silly gunzTarPerm extractEntry doc/node_misc.md
229 silly gunzTarPerm modified mode [ 'doc/node_misc.md', 436, 438 ]
230 silly gunzTarPerm extractEntry doc/persistent.md
231 silly gunzTarPerm modified mode [ 'doc/persistent.md', 436, 438 ]
232 silly gunzTarPerm extractEntry doc/scopes.md
233 silly gunzTarPerm modified mode [ 'doc/scopes.md', 436, 438 ]
234 silly gunzTarPerm extractEntry doc/script.md
235 silly gunzTarPerm modified mode [ 'doc/script.md', 436, 438 ]
236 silly gunzTarPerm extractEntry doc/string_bytes.md
237 silly gunzTarPerm modified mode [ 'doc/string_bytes.md', 436, 438 ]
238 silly gunzTarPerm extractEntry doc/v8_internals.md
239 silly gunzTarPerm modified mode [ 'doc/v8_internals.md', 436, 438 ]
240 silly gunzTarPerm extractEntry doc/v8_misc.md
241 silly gunzTarPerm modified mode [ 'doc/v8_misc.md', 436, 438 ]
242 silly gunzTarPerm extractEntry nan.h
243 silly gunzTarPerm modified mode [ 'nan.h', 436, 438 ]
244 silly gunzTarPerm extractEntry nan_callbacks.h
245 silly gunzTarPerm modified mode [ 'nan_callbacks.h', 436, 438 ]
246 silly gunzTarPerm extractEntry nan_callbacks_12_inl.h
247 silly gunzTarPerm modified mode [ 'nan_callbacks_12_inl.h', 436, 438 ]
248 silly gunzTarPerm extractEntry nan_callbacks_pre_12_inl.h
249 silly gunzTarPerm modified mode [ 'nan_callbacks_pre_12_inl.h', 436, 438 ]
250 silly gunzTarPerm extractEntry nan_converters_43_inl.h
251 silly gunzTarPerm modified mode [ 'nan_converters_43_inl.h', 436, 438 ]
252 silly gunzTarPerm extractEntry nan_converters_pre_43_inl.h
253 silly gunzTarPerm modified mode [ 'nan_converters_pre_43_inl.h', 436, 438 ]
254 silly gunzTarPerm extractEntry nan_implementation_12_inl.h
255 silly gunzTarPerm modified mode [ 'nan_implementation_12_inl.h', 436, 438 ]
256 silly gunzTarPerm extractEntry nan_implementation_pre_12_inl.h
257 silly gunzTarPerm modified mode [ 'nan_implementation_pre_12_inl.h', 436, 438 ]
258 silly gunzTarPerm extractEntry nan_maybe_43_inl.h
259 silly gunzTarPerm modified mode [ 'nan_maybe_43_inl.h', 436, 438 ]
260 silly gunzTarPerm extractEntry nan_maybe_pre_43_inl.h
261 silly gunzTarPerm modified mode [ 'nan_maybe_pre_43_inl.h', 436, 438 ]
262 silly gunzTarPerm extractEntry nan_new.h
263 silly gunzTarPerm modified mode [ 'nan_new.h', 436, 438 ]
264 silly gunzTarPerm extractEntry nan_object_wrap.h
265 silly gunzTarPerm modified mode [ 'nan_object_wrap.h', 436, 438 ]
266 silly gunzTarPerm extractEntry nan_persistent_12_inl.h
267 silly gunzTarPerm modified mode [ 'nan_persistent_12_inl.h', 436, 438 ]
268 silly gunzTarPerm extractEntry nan_persistent_pre_12_inl.h
269 silly gunzTarPerm modified mode [ 'nan_persistent_pre_12_inl.h', 436, 438 ]
270 silly gunzTarPerm extractEntry nan_string_bytes.h
271 silly gunzTarPerm modified mode [ 'nan_string_bytes.h', 436, 438 ]
272 silly gunzTarPerm extractEntry nan_weak.h
273 silly gunzTarPerm modified mode [ 'nan_weak.h', 436, 438 ]
274 silly gunzTarPerm extractEntry CHANGELOG.md
275 silly gunzTarPerm modified mode [ 'CHANGELOG.md', 436, 438 ]
276 silly gunzTarPerm extractEntry tools/package.json
277 silly gunzTarPerm modified mode [ 'tools/package.json', 436, 438 ]
278 silly gunzTarPerm extractEntry tools/README.md
279 silly gunzTarPerm modified mode [ 'tools/README.md', 436, 438 ]
280 silly gunzTarPerm extractEntry tools/1to2.js
281 silly gunzTarPerm modified mode [ 'tools/1to2.js', 509, 511 ]
282 verbose write writing to C:\Users\Briana\Documents\GitHub\Software Engineering\Youtube-Tutorials-master\Youtube-Tutorials-master\NodeJS Tutorials\Tutorial 9 - BCrypt\node_modules\bcrypt\node_modules\nan\package.json
283 info preinstall nan@2.0.5
284 verbose readDependencies loading dependencies from C:\Users\Briana\Documents\GitHub\Software Engineering\Youtube-Tutorials-master\Youtube-Tutorials-master\NodeJS Tutorials\Tutorial 9 - BCrypt\node_modules\bcrypt\node_modules\nan\package.json
285 verbose readDependencies loading dependencies from C:\Users\Briana\Documents\GitHub\Software Engineering\Youtube-Tutorials-master\Youtube-Tutorials-master\NodeJS Tutorials\Tutorial 9 - BCrypt\node_modules\bcrypt\node_modules\nan\package.json
286 silly install resolved []
287 verbose about to build C:\Users\Briana\Documents\GitHub\Software Engineering\Youtube-Tutorials-master\Youtube-Tutorials-master\NodeJS Tutorials\Tutorial 9 - BCrypt\node_modules\bcrypt\node_modules\nan
288 info build C:\Users\Briana\Documents\GitHub\Software Engineering\Youtube-Tutorials-master\Youtube-Tutorials-master\NodeJS Tutorials\Tutorial 9 - BCrypt\node_modules\bcrypt\node_modules\nan
289 info linkStuff nan@2.0.5
290 silly linkStuff nan@2.0.5 has C:\Users\Briana\Documents\GitHub\Software Engineering\Youtube-Tutorials-master\Youtube-Tutorials-master\NodeJS Tutorials\Tutorial 9 - BCrypt\node_modules\bcrypt\node_modules as its parent node_modules
291 verbose linkBins nan@2.0.5
292 verbose linkMans nan@2.0.5
293 verbose rebuildBundles nan@2.0.5
294 info install nan@2.0.5
295 info postinstall nan@2.0.5
296 verbose unlock done using C:\Users\Briana\AppData\Roaming\npm-cache\_locks\nan-e09d91a9a7fbb31e.lock for C:\Users\Briana\Documents\GitHub\Software Engineering\Youtube-Tutorials-master\Youtube-Tutorials-master\NodeJS Tutorials\Tutorial 9 - BCrypt\node_modules\bcrypt\node_modules\nan
297 verbose about to build C:\Users\Briana\Documents\GitHub\Software Engineering\Youtube-Tutorials-master\Youtube-Tutorials-master\NodeJS Tutorials\Tutorial 9 - BCrypt\node_modules\bcrypt
298 info build C:\Users\Briana\Documents\GitHub\Software Engineering\Youtube-Tutorials-master\Youtube-Tutorials-master\NodeJS Tutorials\Tutorial 9 - BCrypt\node_modules\bcrypt
299 info linkStuff bcrypt@0.8.5
300 silly linkStuff bcrypt@0.8.5 has C:\Users\Briana\Documents\GitHub\Software Engineering\Youtube-Tutorials-master\Youtube-Tutorials-master\NodeJS Tutorials\Tutorial 9 - BCrypt\node_modules as its parent node_modules
301 verbose linkBins bcrypt@0.8.5
302 verbose linkMans bcrypt@0.8.5
303 verbose rebuildBundles bcrypt@0.8.5
304 verbose rebuildBundles [ 'bindings', 'nan' ]
305 info install bcrypt@0.8.5
306 verbose unsafe-perm in lifecycle true
307 info bcrypt@0.8.5 Failed to exec install script
308 verbose unlock done using C:\Users\Briana\AppData\Roaming\npm-cache\_locks\bcrypt-f0ae83f1455a94b3.lock for C:\Users\Briana\Documents\GitHub\Software Engineering\Youtube-Tutorials-master\Youtube-Tutorials-master\NodeJS Tutorials\Tutorial 9 - BCrypt\node_modules\bcrypt
309 verbose stack Error: bcrypt@0.8.5 install: `node-gyp rebuild`
309 verbose stack Exit status 1
309 verbose stack     at EventEmitter.<anonymous> (C:\Program Files\nodejs\node_modules\npm\lib\utils\lifecycle.js:213:16)
309 verbose stack     at EventEmitter.emit (events.js:110:17)
309 verbose stack     at ChildProcess.<anonymous> (C:\Program Files\nodejs\node_modules\npm\lib\utils\spawn.js:24:14)
309 verbose stack     at ChildProcess.emit (events.js:110:17)
309 verbose stack     at maybeClose (child_process.js:1015:16)
309 verbose stack     at Process.ChildProcess._handle.onexit (child_process.js:1087:5)
310 verbose pkgid bcrypt@0.8.5
311 verbose cwd C:\Users\Briana\Documents\GitHub\Software Engineering\Youtube-Tutorials-master\Youtube-Tutorials-master\NodeJS Tutorials\Tutorial 9 - BCrypt
312 error Windows_NT 6.3.9600
313 error argv "C:\\Program Files\\nodejs\\\\node.exe" "C:\\Program Files\\nodejs\\node_modules\\npm\\bin\\npm-cli.js" "install" "bcrypt" "--save"
314 error node v0.12.7
315 error npm  v2.11.3
316 error code ELIFECYCLE
317 error bcrypt@0.8.5 install: `node-gyp rebuild`
317 error Exit status 1
318 error Failed at the bcrypt@0.8.5 install script 'node-gyp rebuild'.
318 error This is most likely a problem with the bcrypt package,
318 error not with npm itself.
318 error Tell the author that this fails on your system:
318 error     node-gyp rebuild
318 error You can get their info via:
318 error     npm owner ls bcrypt
318 error There is likely additional logging output above.
319 verbose exit [ 1, true ]
320 verbose unbuild node_modules\bcrypt
321 info preuninstall bcrypt@0.8.5
322 info uninstall bcrypt@0.8.5
323 verbose unbuild rmStuff bcrypt@0.8.5 from C:\Users\Briana\Documents\GitHub\Software Engineering\Youtube-Tutorials-master\Youtube-Tutorials-master\NodeJS Tutorials\Tutorial 9 - BCrypt\node_modules
324 info postuninstall bcrypt@0.8.5
325 silly gentlyRm C:\Users\Briana\Documents\GitHub\Software Engineering\Youtube-Tutorials-master\Youtube-Tutorials-master\NodeJS Tutorials\Tutorial 9 - BCrypt\node_modules\bcrypt is being purged from base C:\Users\Briana\Documents\GitHub\Software Engineering\Youtube-Tutorials-master\Youtube-Tutorials-master\NodeJS Tutorials\Tutorial 9 - BCrypt
326 verbose gentlyRm don't care about contents; nuking C:\Users\Briana\Documents\GitHub\Software Engineering\Youtube-Tutorials-master\Youtube-Tutorials-master\NodeJS Tutorials\Tutorial 9 - BCrypt\node_modules\bcrypt
327 silly vacuum-fs purging C:\Users\Briana\Documents\GitHub\Software Engineering\Youtube-Tutorials-master\Youtube-Tutorials-master\NodeJS Tutorials\Tutorial 9 - BCrypt\node_modules\bcrypt
328 silly vacuum-fs quitting because other entries in C:\Users\Briana\Documents\GitHub\Software Engineering\Youtube-Tutorials-master\Youtube-Tutorials-master\NodeJS Tutorials\Tutorial 9 - BCrypt\node_modules
